<?xml version="1.0" encoding="UTF-8"?>
<!-- Generated by org.testng.reporters.JUnitXMLReporter -->
<testsuite ignored="0" hostname="DESKTOP-MA84K88" failures="0" tests="11" name="Test" time="69.945" errors="0" timestamp="2025-06-18T22:17:56 IST">
  <testcase classname="Grouping.ChatTest" name="ChatByEmail" time="0.015"/>
  <testcase classname="Grouping.ChatTest" name="ChatByFacebook" time="0.003"/>
  <testcase classname="Grouping.ChatTest" name="ChatByInstgram" time="0.003"/>
  <testcase classname="Grouping.GroupingTesting" name="Search" time="12.528"/>
  <testcase classname="Grouping.GroupingTesting" name="Profile" time="4.989"/>
  <testcase classname="Grouping.GroupingTesting" name="Upgrade" time="4.575"/>
  <testcase classname="Grouping.LoginTest" name="LoginByFacebook" time="0.002"/>
  <testcase classname="Grouping.LoginTest" name="LoginByInstgram" time="0.004"/>
  <testcase classname="Grouping.LoginTest" name="LoginByEmail" time="0.005"/>
  <testcase classname="Grouping.LogoutTest" name="LogoutByFacebook" time="0.004"/>
  <testcase classname="Grouping.LogoutTest" name="LogoutByInstgram" time="0.003"/>
</testsuite> <!-- Test -->
