<?xml version="1.0" encoding="UTF-8"?>
<!-- Generated by org.testng.reporters.JUnitXMLReporter -->
<testsuite ignored="0" hostname="DESKTOP-MA84K88" failures="0" tests="3" name="ChromeTest" time="36.386" errors="0" timestamp="2025-06-16T22:49:01 IST">
  <testcase classname="ParallelExecution.ParallelTesting_01" name="Search" time="4.299"/>
  <testcase classname="ParallelExecution.ParallelTesting_01" name="Profile" time="4.975"/>
  <testcase classname="ParallelExecution.ParallelTesting_01" name="Upgrade" time="4.564"/>
</testsuite> <!-- ChromeTest -->
