<?xml version="1.0" encoding="UTF-8"?>
<!-- Generated by org.testng.reporters.JUnitXMLReporter -->
<testsuite ignored="0" hostname="DESKTOP-MA84K88" failures="0" tests="3" name="EdgeBrowser" time="24.325" errors="0" timestamp="2025-07-19T15:38:18 IST">
  <testcase classname="ParallelExecution.ParallelTesting_01" name="Search" time="3.186"/>
  <testcase classname="ParallelExecution.ParallelTesting_01" name="Profile" time="4.809"/>
  <testcase classname="ParallelExecution.ParallelTesting_01" name="Upgrade" time="4.559"/>
</testsuite> <!-- EdgeBrowser -->
