<?xml version="1.0" encoding="UTF-8"?>
<!-- Generated by org.testng.reporters.JUnitXMLReporter -->
<testsuite ignored="0" hostname="DESKTOP-MA84K88" failures="0" tests="3" name="EdgeTest" time="27.969" errors="0" timestamp="2025-06-16T22:50:00 IST">
  <testcase classname="ParallelExecution.ParallelTesting_01" name="Search" time="3.21"/>
  <testcase classname="ParallelExecution.ParallelTesting_01" name="Profile" time="4.961"/>
  <testcase classname="ParallelExecution.ParallelTesting_01" name="Upgrade" time="4.552"/>
</testsuite> <!-- EdgeTest -->
