<?xml version="1.0" encoding="UTF-8"?>
<!-- Generated by org.testng.reporters.JUnitXMLReporter -->
<testsuite ignored="0" hostname="DESKTOP-MA84K88" failures="0" tests="3" name="FirefoxBrowser" time="29.198" errors="0" timestamp="2025-07-19T15:37:54 IST">
  <testcase classname="ParallelExecution.ParallelTesting_01" name="Search" time="3.044"/>
  <testcase classname="ParallelExecution.ParallelTesting_01" name="Profile" time="5.254"/>
  <testcase classname="ParallelExecution.ParallelTesting_01" name="Upgrade" time="4.524"/>
</testsuite> <!-- FirefoxBrowser -->
