<?xml version="1.0" encoding="UTF-8"?>
<!-- Generated by org.testng.reporters.JUnitXMLReporter -->
<testsuite ignored="0" hostname="DESKTOP-MA84K88" failures="0" tests="3" name="FirefoxTest" time="30.678" errors="0" timestamp="2025-06-16T22:49:32 IST">
  <testcase classname="ParallelExecution.ParallelTesting_01" name="Search" time="3.062"/>
  <testcase classname="ParallelExecution.ParallelTesting_01" name="Profile" time="5.32"/>
  <testcase classname="ParallelExecution.ParallelTesting_01" name="Upgrade" time="4.54"/>
</testsuite> <!-- FirefoxTest -->
