<?xml version="1.0" encoding="UTF-8"?>
<!-- Generated by org.testng.reporters.JUnitXMLReporter -->
<testsuite ignored="0" hostname="DESKTOP-MA84K88" failures="0" tests="3" name="Test2" time="24.488" errors="0" timestamp="2025-06-16T22:31:28 IST">
  <testcase classname="ParallelExecution.ParallelTesting_01" name="Search" time="0.0">
    <skipped/>
  </testcase> <!-- Search -->
  <testcase classname="ParallelExecution.ParallelTesting_01" name="Profile" time="0.0">
    <skipped/>
  </testcase> <!-- Profile -->
  <testcase classname="ParallelExecution.ParallelTesting_01" name="Upgrade" time="0.0">
    <skipped/>
  </testcase> <!-- Upgrade -->
</testsuite> <!-- Test2 -->
