<?xml version="1.0" encoding="UTF-8"?>
<!-- Generated by org.testng.reporters.JUnitXMLReporter -->
<testsuite ignored="0" hostname="DESKTOP-MA84K88" failures="0" tests="6" name="Test" time="49.381" errors="0" timestamp="2025-06-15T23:47:07 IST">
  <testcase classname="Annotations.AllAnnotations_01" name="Search" time="0.013"/>
  <testcase classname="Annotations.AllAnnotations_01" name="Profile" time="0.001"/>
  <testcase classname="Annotations.AllAnnotations_02" name="Search" time="3.598"/>
  <testcase classname="Annotations.AllAnnotations_02" name="Profile" time="5.276"/>
  <testcase classname="Annotations.Testes_Suits" name="Search" time="0.002"/>
  <testcase classname="Annotations.Testes_Suits" name="Profile" time="0.002"/>
</testsuite> <!-- Test -->
